<?xml version="1.0" encoding="UTF-8"?>
<!-- Generated by org.testng.reporters.JUnitReportReporter -->
<testsuite hostname="DESKTOP-KDCB69L" failures="0" tests="1" name="cm.World_Time_Date.functionality" time="30.405" errors="0" timestamp="2024-02-23T12:09:37 IST" skipped="0">
  <testcase classname="cm.World_Time_Date.functionality" name="navigation" time="30.405"/>
  <system-out/>
</testsuite> <!-- cm.World_Time_Date.functionality -->
