<?xml version="1.0" encoding="UTF-8"?>
<!-- Generated by org.testng.reporters.JUnitReportReporter -->
<testsuite hostname="DESKTOP-KDCB69L" failures="0" tests="5" name="com.TestNg.Annotation" time="0.042" errors="0" timestamp="2024-02-22T10:07:13 IST" skipped="1">
  <testcase classname="com.TestNg.Annotation" name="gmailLoginTest" time="0.018"/>
  <system-out/>
  <testcase classname="com.TestNg.Annotation" name="gmailInboxtest" time="0.008"/>
  <system-out/>
  <testcase classname="com.TestNg.Annotation" name="gmailComposetest" time="0.004"/>
  <system-out/>
  <testcase classname="com.TestNg.Annotation" name="gmailSendtest" time="0.012"/>
  <system-out/>
  <testcase classname="com.TestNg.Annotation" name="gmailDrafttest">
    <skipped/>
  </testcase> <!-- gmailDrafttest -->
  <system-out/>
</testsuite> <!-- com.TestNg.Annotation -->
