<?xml version="1.0" encoding="UTF-8"?>
<!-- Generated by org.testng.reporters.JUnitReportReporter -->
<testsuite hostname="DESKTOP-KDCB69L" failures="0" tests="1" name="com.orangehrm_Testng.function" time="22.733" errors="0" timestamp="2024-03-02T10:39:32 IST" skipped="0">
  <testcase classname="com.orangehrm_Testng.function" name="logindata" time="22.733"/>
  <system-out/>
</testsuite> <!-- com.orangehrm_Testng.function -->
