<?xml version="1.0" encoding="UTF-8"?>
<!-- Generated by org.testng.reporters.JUnitReportReporter -->
<testsuite hostname="DESKTOP-KDCB69L" failures="0" tests="2" name="com.orangehrm_Testng.Addemployee_functionaity" time="26.219" errors="0" timestamp="2024-03-02T11:04:26 IST" skipped="0">
  <testcase classname="com.orangehrm_Testng.Addemployee_functionaity" name="Addemployee" time="2.548"/>
  <system-out/>
  <testcase classname="com.orangehrm_Testng.Addemployee_functionaity" name="pim" time="23.671"/>
  <system-out/>
</testsuite> <!-- com.orangehrm_Testng.Addemployee_functionaity -->
