<?xml version="1.0" encoding="UTF-8"?>
<!-- Generated by org.testng.reporters.JUnitReportReporter -->
<testsuite hostname="DESKTOP-KDCB69L" failures="0" tests="1" name="com.orangehrm_Testng.BaseTest" time="0.008" errors="0" timestamp="2024-02-26T21:34:22 IST" skipped="0">
  <testcase classname="com.orangehrm_Testng.BaseTest" name="print" time="0.008"/>
  <system-out/>
</testsuite> <!-- com.orangehrm_Testng.BaseTest -->
