<?xml version="1.0" encoding="UTF-8"?>
<!-- Generated by org.testng.reporters.JUnitReportReporter -->
<testsuite hostname="DESKTOP-KDCB69L" failures="0" tests="2" name="com.orangehrm_Testng.employee_list_functionality" time="23.821" errors="0" timestamp="2024-03-02T11:06:35 IST" skipped="0">
  <testcase classname="com.orangehrm_Testng.employee_list_functionality" name="login" time="5.384"/>
  <system-out/>
  <testcase classname="com.orangehrm_Testng.employee_list_functionality" name="pim" time="18.437"/>
  <system-out/>
</testsuite> <!-- com.orangehrm_Testng.employee_list_functionality -->
