<?xml version="1.0" encoding="UTF-8"?>
<!-- Generated by org.testng.reporters.JUnitReportReporter -->
<testsuite hostname="DESKTOP-KDCB69L" failures="0" tests="1" name="cm.World_Time_Date.BestTest1" time="4.838" errors="0" timestamp="2024-02-23T11:40:38 IST" skipped="0">
  <testcase classname="cm.World_Time_Date.BestTest1" name="navigation" time="4.838"/>
  <system-out/>
</testsuite> <!-- cm.World_Time_Date.BestTest1 -->
