<?xml version="1.0" encoding="UTF-8"?>
<!-- Generated by org.testng.reporters.JUnitReportReporter -->
<testsuite hostname="DESKTOP-KDCB69L" failures="0" tests="1" name="com.radiobuttons.radiobuttons" time="0.083" errors="0" timestamp="2024-03-04T11:12:19 IST" skipped="0">
  <testcase classname="com.radiobuttons.radiobuttons" name="radiobuttonsclick" time="0.083"/>
  <system-out/>
</testsuite> <!-- com.radiobuttons.radiobuttons -->
