<?xml version="1.0" encoding="UTF-8"?>
<!-- Generated by org.testng.reporters.JUnitReportReporter -->
<testsuite hostname="DESKTOP-KDCB69L" failures="0" tests="1" name="com.orangehrm_Testng.Loginfunction" time="11.480" errors="0" timestamp="2024-03-06T12:10:35 IST" skipped="0">
  <testcase classname="com.orangehrm_Testng.Loginfunction" name="logindata" time="11.480"/>
  <system-out/>
</testsuite> <!-- com.orangehrm_Testng.Loginfunction -->
